<?xml version="1.0" encoding="UTF-8"?>
<testng-results ignored="0" total="1" passed="0" failed="1" skipped="0">
  <reporter-output>
  </reporter-output>
  <suite started-at="2022-04-13T12:02:20 EET" name="qacart" finished-at="2022-04-13T12:02:40 EET" duration-ms="20706">
    <groups>
    </groups>
    <test started-at="2022-04-13T12:02:20 EET" name="ios" finished-at="2022-04-13T12:02:40 EET" duration-ms="20706">
      <class name="com.qacart.testcases.LoginTest">
        <test-method is-config="true" signature="beforeSuite()[pri:0, instance:com.qacart.testcases.LoginTest@78e4deb0]" started-at="2022-04-13T12:02:20 EET" name="beforeSuite" finished-at="2022-04-13T12:02:20 EET" duration-ms="134" status="PASS">
          <reporter-output>
          </reporter-output>
        </test-method> <!-- beforeSuite -->
        <test-method is-config="true" signature="beforeClass(java.lang.String,java.lang.String,java.lang.String)[pri:0, instance:com.qacart.testcases.LoginTest@78e4deb0]" started-at="2022-04-13T12:02:20 EET" name="beforeClass" finished-at="2022-04-13T12:02:25 EET" duration-ms="5218" status="PASS">
          <params>
            <param index="0">
              <value>
                <![CDATA[iPhone 11]]>
              </value>
            </param>
            <param index="1">
              <value>
                <![CDATA[ios]]>
              </value>
            </param>
            <param index="2">
              <value>
                <![CDATA[15.0]]>
              </value>
            </param>
          </params>
          <reporter-output>
          </reporter-output>
        </test-method> <!-- beforeClass -->
        <test-method is-config="true" signature="beforeMethod(java.lang.reflect.Method)[pri:0, instance:com.qacart.testcases.LoginTest@78e4deb0]" started-at="2022-04-13T12:02:25 EET" name="beforeMethod" finished-at="2022-04-13T12:02:25 EET" duration-ms="2" status="PASS">
          <params>
            <param index="0">
              <value>
                <![CDATA[public void com.qacart.testcases.LoginTest.TestCase() throws java.lang.InterruptedException]]>
              </value>
            </param>
          </params>
          <reporter-output>
          </reporter-output>
        </test-method> <!-- beforeMethod -->
        <test-method signature="TestCase()[pri:0, instance:com.qacart.testcases.LoginTest@78e4deb0]" started-at="2022-04-13T12:02:25 EET" name="TestCase" finished-at="2022-04-13T12:02:39 EET" duration-ms="14301" status="FAIL">
          <exception class="java.lang.AssertionError">
            <message>
              <![CDATA[null]]>
            </message>
            <full-stacktrace>
              <![CDATA[java.lang.AssertionError: null
at org.testng.Assert.fail(Assert.java:99)
at org.testng.Assert.fail(Assert.java:106)
at com.qacart.testcases.LoginTest.TestCase(LoginTest.java:17)
at java.base/jdk.internal.reflect.NativeMethodAccessorImpl.invoke0(Native Method)
at java.base/jdk.internal.reflect.NativeMethodAccessorImpl.invoke(NativeMethodAccessorImpl.java:62)
at java.base/jdk.internal.reflect.DelegatingMethodAccessorImpl.invoke(DelegatingMethodAccessorImpl.java:43)
at java.base/java.lang.reflect.Method.invoke(Method.java:566)
at org.testng.internal.MethodInvocationHelper.invokeMethod(MethodInvocationHelper.java:133)
at org.testng.internal.TestInvoker.invokeMethod(TestInvoker.java:598)
at org.testng.internal.TestInvoker.invokeTestMethod(TestInvoker.java:173)
at org.testng.internal.MethodRunner.runInSequence(MethodRunner.java:46)
at org.testng.internal.TestInvoker$MethodInvocationAgent.invoke(TestInvoker.java:824)
at org.testng.internal.TestInvoker.invokeTestMethods(TestInvoker.java:146)
at org.testng.internal.TestMethodWorker.invokeTestMethods(TestMethodWorker.java:146)
at org.testng.internal.TestMethodWorker.run(TestMethodWorker.java:128)
at java.base/java.util.ArrayList.forEach(ArrayList.java:1541)
at org.testng.TestRunner.privateRun(TestRunner.java:794)
at org.testng.TestRunner.run(TestRunner.java:596)
at org.testng.SuiteRunner.runTest(SuiteRunner.java:377)
at org.testng.SuiteRunner.runSequentially(SuiteRunner.java:371)
at org.testng.SuiteRunner.privateRun(SuiteRunner.java:332)
at org.testng.SuiteRunner.run(SuiteRunner.java:276)
at org.testng.SuiteRunnerWorker.runSuite(SuiteRunnerWorker.java:53)
at org.testng.SuiteRunnerWorker.run(SuiteRunnerWorker.java:96)
at org.testng.TestNG.runSuitesSequentially(TestNG.java:1212)
at org.testng.TestNG.runSuitesLocally(TestNG.java:1134)
at org.testng.TestNG.runSuites(TestNG.java:1063)
at org.testng.TestNG.run(TestNG.java:1031)
at org.testng.remote.AbstractRemoteTestNG.run(AbstractRemoteTestNG.java:115)
at org.testng.remote.RemoteTestNG.initAndRun(RemoteTestNG.java:251)
at org.testng.remote.RemoteTestNG.main(RemoteTestNG.java:77)
]]>
            </full-stacktrace>
          </exception> <!-- java.lang.AssertionError -->
          <reporter-output>
          </reporter-output>
        </test-method> <!-- TestCase -->
        <test-method is-config="true" signature="afterMethod(java.lang.reflect.Method,org.testng.ITestResult)[pri:0, instance:com.qacart.testcases.LoginTest@78e4deb0]" started-at="2022-04-13T12:02:39 EET" name="afterMethod" finished-at="2022-04-13T12:02:39 EET" duration-ms="129" status="PASS">
          <params>
            <param index="0">
              <value>
                <![CDATA[public void com.qacart.testcases.LoginTest.TestCase() throws java.lang.InterruptedException]]>
              </value>
            </param>
            <param index="1">
              <value>
                <![CDATA[[TestResult name=TestCase status=FAILURE method=LoginTest.TestCase()[pri:0, instance:com.qacart.testcases.LoginTest@78e4deb0] output={null}]]]>
              </value>
            </param>
          </params>
          <reporter-output>
          </reporter-output>
        </test-method> <!-- afterMethod -->
        <test-method is-config="true" signature="close()[pri:0, instance:com.qacart.testcases.LoginTest@78e4deb0]" started-at="2022-04-13T12:02:39 EET" name="close" finished-at="2022-04-13T12:02:40 EET" duration-ms="1032" status="PASS">
          <reporter-output>
          </reporter-output>
        </test-method> <!-- close -->
        <test-method is-config="true" signature="afterSuite()[pri:0, instance:com.qacart.testcases.LoginTest@78e4deb0]" started-at="2022-04-13T12:02:40 EET" name="afterSuite" finished-at="2022-04-13T12:02:41 EET" duration-ms="196" status="PASS">
          <reporter-output>
          </reporter-output>
        </test-method> <!-- afterSuite -->
      </class> <!-- com.qacart.testcases.LoginTest -->
    </test> <!-- ios -->
  </suite> <!-- qacart -->
</testng-results>
