<?xml version="1.0" encoding="UTF-8"?>
<!-- Generated by org.testng.reporters.JUnitXMLReporter -->
<testsuite ignored="0" hostname="apples-MacBook-Pro-2.local" failures="1" tests="1" name="ios" time="20.706" errors="0" timestamp="2022-04-13T12:02:40 EET">
  <testcase classname="com.qacart.testcases.LoginTest" name="TestCase" time="14.301">
    <failure type="java.lang.AssertionError" message="null">
      <![CDATA[java.lang.AssertionError: null
at com.qacart.testcases.LoginTest.TestCase(LoginTest.java:17)
at java.base/java.util.ArrayList.forEach(ArrayList.java:1541)
... Removed 29 stack frames]]>
    </failure>
  </testcase> <!-- TestCase -->
</testsuite> <!-- ios -->
